{"level":"DEBUG","location":"[get_call:137] fyersModel","message":{"Status Code":200,"API":"/profile"},"timestamp":"2024-10-07 23:08:44,340+0530","service":"FyersAPIRequest"}
{"level":"DEBUG","location":"[get_call:137] fyersModel","message":{"Status Code":200,"API":"/profile"},"timestamp":"2024-10-07 23:09:51,406+0530","service":"FyersAPIRequest"}
{"level":"DEBUG","location":"[get_call:137] fyersModel","message":{"Status Code":200,"API":"/profile"},"timestamp":"2024-10-07 23:10:00,248+0530","service":"FyersAPIRequest"}
{"level":"DEBUG","location":"[get_call:137] fyersModel","message":{"Status Code":200,"API":"/funds"},"timestamp":"2024-10-07 23:10:00,520+0530","service":"FyersAPIRequest"}
{"level":"DEBUG","location":"[get_call:137] fyersModel","message":{"Status Code":200,"API":"/profile"},"timestamp":"2024-10-07 23:10:55,800+0530","service":"FyersAPIRequest"}
{"level":"DEBUG","location":"[get_call:137] fyersModel","message":{"Status Code":200,"API":"/funds"},"timestamp":"2024-10-07 23:10:55,976+0530","service":"FyersAPIRequest"}
{"level":"DEBUG","location":"[get_call:137] fyersModel","message":{"Status Code":200,"API":"/profile"},"timestamp":"2024-10-07 23:16:39,533+0530","service":"FyersAPIRequest"}
{"level":"DEBUG","location":"[get_call:137] fyersModel","message":{"Status Code":200,"API":"/profile"},"timestamp":"2024-10-07 23:17:51,912+0530","service":"FyersAPIRequest"}
{"level":"DEBUG","location":"[get_call:137] fyersModel","message":{"Status Code":200,"API":"/profile"},"timestamp":"2024-10-07 23:19:54,634+0530","service":"FyersAPIRequest"}
{"level":"DEBUG","location":"[get_call:137] fyersModel","message":{"Status Code":200,"API":"/profile"},"timestamp":"2024-10-07 23:24:03,834+0530","service":"FyersAPIRequest"}
{"level":"DEBUG","location":"[get_call:137] fyersModel","message":{"Status Code":200,"API":"/funds"},"timestamp":"2024-10-07 23:27:13,250+0530","service":"FyersAPIRequest"}
{"level":"DEBUG","location":"[get_call:137] fyersModel","message":{"Status Code":200,"API":"/funds"},"timestamp":"2024-10-07 23:29:20,417+0530","service":"FyersAPIRequest"}
{"level":"DEBUG","location":"[get_call:137] fyersModel","message":{"Status Code":200,"API":"/funds"},"timestamp":"2024-10-07 23:31:56,778+0530","service":"FyersAPIRequest"}
{"level":"DEBUG","location":"[get_call:137] fyersModel","message":{"Status Code":200,"API":"/funds"},"timestamp":"2024-10-07 23:35:08,168+0530","service":"FyersAPIRequest"}
{"level":"DEBUG","location":"[get_call:137] fyersModel","message":{"Status Code":200,"API":"/profile"},"timestamp":"2024-10-07 23:37:06,860+0530","service":"FyersAPIRequest"}
{"level":"DEBUG","location":"[get_call:137] fyersModel","message":{"Status Code":200,"API":"/funds"},"timestamp":"2024-10-07 23:37:07,158+0530","service":"FyersAPIRequest"}
{"level":"DEBUG","location":"[get_call:137] fyersModel","message":{"Status Code":200,"API":"/profile"},"timestamp":"2024-10-07 23:56:49,087+0530","service":"FyersAPIRequest"}
{"level":"DEBUG","location":"[get_call:137] fyersModel","message":{"Status Code":200,"API":"/funds"},"timestamp":"2024-10-07 23:56:49,598+0530","service":"FyersAPIRequest"}
{"level":"DEBUG","location":"[get_call:137] fyersModel","message":{"Status Code":200,"API":"/orders"},"timestamp":"2024-10-07 23:56:50,109+0530","service":"FyersAPIRequest"}
{"level":"DEBUG","location":"[get_call:137] fyersModel","message":{"Status Code":200,"API":"/profile"},"timestamp":"2024-10-07 23:59:00,362+0530","service":"FyersAPIRequest"}
{"level":"DEBUG","location":"[get_call:137] fyersModel","message":{"Status Code":200,"API":"/funds"},"timestamp":"2024-10-07 23:59:00,890+0530","service":"FyersAPIRequest"}
{"level":"DEBUG","location":"[get_call:137] fyersModel","message":{"Status Code":200,"API":"/orders"},"timestamp":"2024-10-07 23:59:01,277+0530","service":"FyersAPIRequest"}
{"level":"DEBUG","location":"[get_call:137] fyersModel","message":{"Status Code":200,"API":"/profile"},"timestamp":"2024-10-07 23:59:22,231+0530","service":"FyersAPIRequest"}
{"level":"DEBUG","location":"[get_call:137] fyersModel","message":{"Status Code":200,"API":"/funds"},"timestamp":"2024-10-07 23:59:22,537+0530","service":"FyersAPIRequest"}
{"level":"DEBUG","location":"[get_call:137] fyersModel","message":{"Status Code":200,"API":"/orders"},"timestamp":"2024-10-07 23:59:22,756+0530","service":"FyersAPIRequest"}
{"level":"DEBUG","location":"[get_call:137] fyersModel","message":{"Status Code":200,"API":"/profile"},"timestamp":"2024-10-08 00:09:17,227+0530","service":"FyersAPIRequest"}
{"level":"DEBUG","location":"[get_call:137] fyersModel","message":{"Status Code":200,"API":"/funds"},"timestamp":"2024-10-08 00:09:17,417+0530","service":"FyersAPIRequest"}
{"level":"DEBUG","location":"[get_call:137] fyersModel","message":{"Status Code":200,"API":"/orders"},"timestamp":"2024-10-08 00:09:17,703+0530","service":"FyersAPIRequest"}
{"level":"DEBUG","location":"[get_call:137] fyersModel","message":{"Status Code":200,"API":"/profile"},"timestamp":"2024-10-08 00:11:01,729+0530","service":"FyersAPIRequest"}
{"level":"DEBUG","location":"[get_call:137] fyersModel","message":{"Status Code":200,"API":"/funds"},"timestamp":"2024-10-08 00:11:02,324+0530","service":"FyersAPIRequest"}
{"level":"DEBUG","location":"[get_call:137] fyersModel","message":{"Status Code":200,"API":"/orders"},"timestamp":"2024-10-08 00:11:02,814+0530","service":"FyersAPIRequest"}
{"level":"DEBUG","location":"[get_call:137] fyersModel","message":{"Status Code":200,"API":"/profile"},"timestamp":"2024-10-08 00:20:03,618+0530","service":"FyersAPIRequest"}
{"level":"DEBUG","location":"[get_call:137] fyersModel","message":{"Status Code":200,"API":"/funds"},"timestamp":"2024-10-08 00:20:04,021+0530","service":"FyersAPIRequest"}
{"level":"DEBUG","location":"[get_call:137] fyersModel","message":{"Status Code":200,"API":"/orders"},"timestamp":"2024-10-08 00:20:05,248+0530","service":"FyersAPIRequest"}
{"level":"DEBUG","location":"[get_call:137] fyersModel","message":{"Status Code":200,"API":"/positions"},"timestamp":"2024-10-08 00:20:05,661+0530","service":"FyersAPIRequest"}
{"level":"DEBUG","location":"[get_call:137] fyersModel","message":{"Status Code":200,"API":"/profile"},"timestamp":"2024-10-08 00:23:32,216+0530","service":"FyersAPIRequest"}
{"level":"DEBUG","location":"[get_call:137] fyersModel","message":{"Status Code":200,"API":"/funds"},"timestamp":"2024-10-08 00:23:32,446+0530","service":"FyersAPIRequest"}
{"level":"DEBUG","location":"[get_call:137] fyersModel","message":{"Status Code":200,"API":"/orders"},"timestamp":"2024-10-08 00:23:32,753+0530","service":"FyersAPIRequest"}
{"level":"DEBUG","location":"[get_call:137] fyersModel","message":{"Status Code":200,"API":"/positions"},"timestamp":"2024-10-08 00:23:33,059+0530","service":"FyersAPIRequest"}
{"level":"DEBUG","location":"[get_call:137] fyersModel","message":{"Status Code":200,"API":"/profile"},"timestamp":"2024-10-08 00:47:20,633+0530","service":"FyersAPIRequest"}
{"level":"DEBUG","location":"[get_call:137] fyersModel","message":{"Status Code":200,"API":"/funds"},"timestamp":"2024-10-08 00:47:21,307+0530","service":"FyersAPIRequest"}
{"level":"DEBUG","location":"[get_call:137] fyersModel","message":{"Status Code":200,"API":"/orders"},"timestamp":"2024-10-08 00:47:21,716+0530","service":"FyersAPIRequest"}
{"level":"DEBUG","location":"[get_call:137] fyersModel","message":{"Status Code":200,"API":"/positions"},"timestamp":"2024-10-08 00:47:22,135+0530","service":"FyersAPIRequest"}
{"level":"DEBUG","location":"[get_call:137] fyersModel","message":{"Status Code":200,"API":"/tradebook"},"timestamp":"2024-10-08 00:47:22,450+0530","service":"FyersAPIRequest"}
{"level":"DEBUG","location":"[get_call:137] fyersModel","message":{"Status Code":200,"API":"/profile"},"timestamp":"2024-10-08 00:48:12,132+0530","service":"FyersAPIRequest"}
{"level":"DEBUG","location":"[get_call:137] fyersModel","message":{"Status Code":200,"API":"/funds"},"timestamp":"2024-10-08 00:48:12,625+0530","service":"FyersAPIRequest"}
{"level":"DEBUG","location":"[get_call:137] fyersModel","message":{"Status Code":200,"API":"/orders"},"timestamp":"2024-10-08 00:48:13,047+0530","service":"FyersAPIRequest"}
{"level":"DEBUG","location":"[get_call:137] fyersModel","message":{"Status Code":200,"API":"/positions"},"timestamp":"2024-10-08 00:48:13,545+0530","service":"FyersAPIRequest"}
{"level":"DEBUG","location":"[get_call:137] fyersModel","message":{"Status Code":200,"API":"/tradebook"},"timestamp":"2024-10-08 00:48:13,950+0530","service":"FyersAPIRequest"}
{"level":"DEBUG","location":"[get_call:137] fyersModel","message":{"Status Code":200,"API":"/profile"},"timestamp":"2024-10-09 21:19:21,951+0530","service":"FyersAPIRequest"}
{"level":"DEBUG","location":"[get_call:137] fyersModel","message":{"Status Code":200,"API":"/funds"},"timestamp":"2024-10-09 21:19:22,651+0530","service":"FyersAPIRequest"}
{"level":"DEBUG","location":"[get_call:137] fyersModel","message":{"Status Code":200,"API":"/orders"},"timestamp":"2024-10-09 21:19:23,149+0530","service":"FyersAPIRequest"}
{"level":"DEBUG","location":"[get_call:137] fyersModel","message":{"Status Code":200,"API":"/positions"},"timestamp":"2024-10-09 21:19:23,775+0530","service":"FyersAPIRequest"}
{"level":"DEBUG","location":"[get_call:137] fyersModel","message":{"Status Code":200,"API":"/tradebook"},"timestamp":"2024-10-09 21:19:24,180+0530","service":"FyersAPIRequest"}
{"level":"DEBUG","location":"[get_call:137] fyersModel","message":{"Status Code":200,"API":"/profile"},"timestamp":"2024-10-09 21:21:58,809+0530","service":"FyersAPIRequest"}
{"level":"DEBUG","location":"[get_call:137] fyersModel","message":{"Status Code":200,"API":"/funds"},"timestamp":"2024-10-09 21:21:59,219+0530","service":"FyersAPIRequest"}
{"level":"DEBUG","location":"[get_call:137] fyersModel","message":{"Status Code":200,"API":"/orders"},"timestamp":"2024-10-09 21:21:59,527+0530","service":"FyersAPIRequest"}
{"level":"DEBUG","location":"[get_call:137] fyersModel","message":{"Status Code":200,"API":"/positions"},"timestamp":"2024-10-09 21:21:59,831+0530","service":"FyersAPIRequest"}
{"level":"DEBUG","location":"[get_call:137] fyersModel","message":{"Status Code":200,"API":"/tradebook"},"timestamp":"2024-10-09 21:22:00,131+0530","service":"FyersAPIRequest"}
{"level":"DEBUG","location":"[get_call:137] fyersModel","message":{"Status Code":200,"API":"/history"},"timestamp":"2024-10-09 21:36:53,664+0530","service":"FyersAPIRequest"}
{"level":"DEBUG","location":"[get_call:137] fyersModel","message":{"Status Code":200,"API":"/history"},"timestamp":"2024-10-09 21:42:16,113+0530","service":"FyersAPIRequest"}
{"level":"DEBUG","location":"[get_call:137] fyersModel","message":{"Status Code":200,"API":"/history"},"timestamp":"2024-10-09 21:45:31,911+0530","service":"FyersAPIRequest"}
{"level":"DEBUG","location":"[get_call:137] fyersModel","message":{"Status Code":200,"API":"/history"},"timestamp":"2024-10-09 21:55:43,520+0530","service":"FyersAPIRequest"}
{"level":"DEBUG","location":"[get_call:137] fyersModel","message":{"Status Code":200,"API":"/history"},"timestamp":"2024-10-09 21:56:47,482+0530","service":"FyersAPIRequest"}
{"level":"DEBUG","location":"[get_call:137] fyersModel","message":{"Status Code":200,"API":"/history"},"timestamp":"2024-10-09 21:57:01,610+0530","service":"FyersAPIRequest"}
{"level":"DEBUG","location":"[get_call:137] fyersModel","message":{"Status Code":200,"API":"/history"},"timestamp":"2024-10-09 21:57:48,721+0530","service":"FyersAPIRequest"}
{"level":"DEBUG","location":"[get_call:137] fyersModel","message":{"Status Code":200,"API":"/history"},"timestamp":"2024-10-09 22:02:39,784+0530","service":"FyersAPIRequest"}
{"level":"DEBUG","location":"[get_call:137] fyersModel","message":{"Status Code":200,"API":"/history"},"timestamp":"2024-10-09 22:04:53,285+0530","service":"FyersAPIRequest"}
{"level":"DEBUG","location":"[get_call:137] fyersModel","message":{"Status Code":200,"API":"/history"},"timestamp":"2024-10-09 22:05:06,663+0530","service":"FyersAPIRequest"}
{"level":"DEBUG","location":"[get_call:137] fyersModel","message":{"Status Code":200,"API":"/history"},"timestamp":"2024-10-09 22:07:11,888+0530","service":"FyersAPIRequest"}
{"level":"DEBUG","location":"[get_call:137] fyersModel","message":{"Status Code":200,"API":"/history"},"timestamp":"2024-10-09 22:18:41,554+0530","service":"FyersAPIRequest"}
